2020-04-24 13:31:14 INFO [it.aaperio.ticketserver.Configuration:78] - TicketServer attivo
2020-04-24 13:31:14 DEBUG [it.aaperio.ticketserver.Configuration:111] - Definisco lo Stream in input per leggere il file di configurazione
2020-04-24 13:31:14 DEBUG [it.aaperio.ticketserver.Configuration:113] - Inizializzato il FileInputStream in: java.io.FileInputStream@7b23ec81
2020-04-24 13:31:14 DEBUG [it.aaperio.ticketserver.Configuration:120] - Caricati i parametri di configurazione: {DB_PORT=3128, DB_HOST=localhost, PORTA=30500}
2020-04-24 13:31:14 DEBUG [it.aaperio.ticketserver.Configuration:125] - Chiudo lo stream per la lettura del file di configurazione
2020-04-24 13:31:14 DEBUG [it.aaperio.ticketserver.Configuration:147] - Imposto la porta: 30500
2020-04-24 13:31:14 DEBUG [it.aaperio.ticketserver.Configuration:157] - Imposto il DB_HOST: localhost
2020-04-24 13:31:14 DEBUG [it.aaperio.ticketserver.Configuration:167] - Imposto il DB_PORT: 3128
2020-04-24 13:31:14 DEBUG [it.aaperio.ticketserver.Configuration:142] - Ritorno la porta: 30500
2020-04-24 13:31:14 INFO [it.aaperio.ticketserver.Ticketserver:21] - Preparo la ricezione di connessioni dai client su porta TCP: 30500
2020-04-24 13:31:14 DEBUG [it.aaperio.ticketserver.Configuration:142] - Ritorno la porta: 30500
2020-04-24 13:31:14 DEBUG [it.aaperio.ticketserver.Ticketserver:27] - Instanzio la classe Model per la gestione dei dati
2020-04-24 13:31:14 INFO [it.aaperio.ticketserver.model.Model:24] - Inizializzazione del Model
2020-04-24 13:31:14 DEBUG [it.aaperio.ticketserver.Configuration:142] - Ritorno la porta: 30500
2020-04-24 13:31:14 INFO [it.aaperio.ticketserver.Ticketserver:31] - Mi metto in ascolto per accettare nuove connessioni sulla porta 30500
2020-04-24 13:31:49 INFO [it.aaperio.ticketserver.Ticketserver:40] - Connessione accettata da: /127.0.0.1
2020-04-24 13:31:49 INFO [it.aaperio.ticketserver.ClientConnection:26] - Creo la socket id: Socket[addr=/127.0.0.1,port=59854,localport=30500]
2020-04-24 13:31:49 DEBUG [it.aaperio.ticketserver.ClientConnection:29] - Creata la socket e salvata nella variabile di istanza sock: Socket[addr=/127.0.0.1,port=59854,localport=30500]
2020-04-24 13:31:49 DEBUG [it.aaperio.ticketserver.ClientConnection:50] - Creo i buffer di scrittura su socket
2020-04-24 13:31:49 DEBUG [it.aaperio.ticketserver.ClientConnection:59] - creo il buffer di ricezione sul socket
2020-04-24 13:31:49 ERROR [it.aaperio.ticketserver.ClientConnection:75] - Errore in lettura sullo stream
java.io.OptionalDataException
	at java.io.ObjectInputStream.readObject0(ObjectInputStream.java:1639)
	at java.io.ObjectInputStream.readObject(ObjectInputStream.java:464)
	at java.io.ObjectInputStream.readObject(ObjectInputStream.java:422)
	at it.aaperio.ticketserver.ClientConnection.run(ClientConnection.java:73)
2020-04-24 13:31:49 INFO [it.aaperio.ticketserver.ClientConnection:92] - La connessio è stata terminata, chiudo la socket
2020-04-24 13:33:25 INFO [it.aaperio.ticketserver.Ticketserver:40] - Connessione accettata da: /127.0.0.1
2020-04-24 13:33:25 INFO [it.aaperio.ticketserver.ClientConnection:26] - Creo la socket id: Socket[addr=/127.0.0.1,port=59870,localport=30500]
2020-04-24 13:33:25 DEBUG [it.aaperio.ticketserver.ClientConnection:29] - Creata la socket e salvata nella variabile di istanza sock: Socket[addr=/127.0.0.1,port=59870,localport=30500]
2020-04-24 13:33:25 DEBUG [it.aaperio.ticketserver.ClientConnection:50] - Creo i buffer di scrittura su socket
2020-04-24 13:33:25 DEBUG [it.aaperio.ticketserver.ClientConnection:59] - creo il buffer di ricezione sul socket
2020-04-24 13:33:25 ERROR [it.aaperio.ticketserver.ClientConnection:75] - Errore in lettura sullo stream
java.net.SocketException: Connection reset
	at java.net.SocketInputStream.read(SocketInputStream.java:210)
	at java.net.SocketInputStream.read(SocketInputStream.java:141)
	at java.io.BufferedInputStream.fill(BufferedInputStream.java:246)
	at java.io.BufferedInputStream.read(BufferedInputStream.java:265)
	at java.io.ObjectInputStream$PeekInputStream.peek(ObjectInputStream.java:2695)
	at java.io.ObjectInputStream$BlockDataInputStream.peek(ObjectInputStream.java:3002)
	at java.io.ObjectInputStream$BlockDataInputStream.peekByte(ObjectInputStream.java:3012)
	at java.io.ObjectInputStream.readObject0(ObjectInputStream.java:1575)
	at java.io.ObjectInputStream.readObject(ObjectInputStream.java:464)
	at java.io.ObjectInputStream.readObject(ObjectInputStream.java:422)
	at it.aaperio.ticketserver.ClientConnection.run(ClientConnection.java:73)
2020-04-24 13:33:25 INFO [it.aaperio.ticketserver.ClientConnection:92] - La connessio è stata terminata, chiudo la socket
2020-04-24 13:49:09 INFO [it.aaperio.ticketserver.Ticketserver:40] - Connessione accettata da: /127.0.0.1
2020-04-24 13:49:09 INFO [it.aaperio.ticketserver.ClientConnection:26] - Creo la socket id: Socket[addr=/127.0.0.1,port=59978,localport=30500]
2020-04-24 13:49:09 DEBUG [it.aaperio.ticketserver.ClientConnection:29] - Creata la socket e salvata nella variabile di istanza sock: Socket[addr=/127.0.0.1,port=59978,localport=30500]
2020-04-24 13:49:09 DEBUG [it.aaperio.ticketserver.ClientConnection:50] - Creo i buffer di scrittura su socket
2020-04-24 13:49:09 DEBUG [it.aaperio.ticketserver.ClientConnection:59] - creo il buffer di ricezione sul socket
2020-04-24 13:49:09 ERROR [it.aaperio.ticketserver.ClientConnection:75] - Errore in lettura sullo stream
java.net.SocketException: Connection reset
	at java.net.SocketInputStream.read(SocketInputStream.java:210)
	at java.net.SocketInputStream.read(SocketInputStream.java:141)
	at java.io.BufferedInputStream.fill(BufferedInputStream.java:246)
	at java.io.BufferedInputStream.read(BufferedInputStream.java:265)
	at java.io.ObjectInputStream$PeekInputStream.peek(ObjectInputStream.java:2695)
	at java.io.ObjectInputStream$BlockDataInputStream.peek(ObjectInputStream.java:3002)
	at java.io.ObjectInputStream$BlockDataInputStream.peekByte(ObjectInputStream.java:3012)
	at java.io.ObjectInputStream.readObject0(ObjectInputStream.java:1575)
	at java.io.ObjectInputStream.readObject(ObjectInputStream.java:464)
	at java.io.ObjectInputStream.readObject(ObjectInputStream.java:422)
	at it.aaperio.ticketserver.ClientConnection.run(ClientConnection.java:73)
2020-04-24 13:49:09 INFO [it.aaperio.ticketserver.ClientConnection:92] - La connessio è stata terminata, chiudo la socket
2020-04-24 13:51:29 INFO [it.aaperio.ticketserver.Configuration:78] - TicketServer attivo
2020-04-24 13:51:29 DEBUG [it.aaperio.ticketserver.Configuration:111] - Definisco lo Stream in input per leggere il file di configurazione
2020-04-24 13:51:29 DEBUG [it.aaperio.ticketserver.Configuration:113] - Inizializzato il FileInputStream in: java.io.FileInputStream@7b23ec81
2020-04-24 13:51:29 DEBUG [it.aaperio.ticketserver.Configuration:120] - Caricati i parametri di configurazione: {DB_PORT=3128, DB_HOST=localhost, PORTA=30500}
2020-04-24 13:51:29 DEBUG [it.aaperio.ticketserver.Configuration:125] - Chiudo lo stream per la lettura del file di configurazione
2020-04-24 13:51:29 DEBUG [it.aaperio.ticketserver.Configuration:147] - Imposto la porta: 30500
2020-04-24 13:51:29 DEBUG [it.aaperio.ticketserver.Configuration:157] - Imposto il DB_HOST: localhost
2020-04-24 13:51:29 DEBUG [it.aaperio.ticketserver.Configuration:167] - Imposto il DB_PORT: 3128
2020-04-24 13:51:29 DEBUG [it.aaperio.ticketserver.Configuration:142] - Ritorno la porta: 30500
2020-04-24 13:51:29 INFO [it.aaperio.ticketserver.Ticketserver:21] - Preparo la ricezione di connessioni dai client su porta TCP: 30500
2020-04-24 13:51:29 DEBUG [it.aaperio.ticketserver.Configuration:142] - Ritorno la porta: 30500
2020-04-24 13:51:29 DEBUG [it.aaperio.ticketserver.Ticketserver:27] - Instanzio la classe Model per la gestione dei dati
2020-04-24 13:51:29 INFO [it.aaperio.ticketserver.model.Model:24] - Inizializzazione del Model
2020-04-24 13:51:29 DEBUG [it.aaperio.ticketserver.Configuration:142] - Ritorno la porta: 30500
2020-04-24 13:51:29 INFO [it.aaperio.ticketserver.Ticketserver:31] - Mi metto in ascolto per accettare nuove connessioni sulla porta 30500
2020-04-24 13:51:44 INFO [it.aaperio.ticketserver.Ticketserver:40] - Connessione accettata da: /127.0.0.1
2020-04-24 13:51:44 INFO [it.aaperio.ticketserver.ClientConnection:26] - Creo la socket id: Socket[addr=/127.0.0.1,port=59993,localport=30500]
2020-04-24 13:51:44 DEBUG [it.aaperio.ticketserver.ClientConnection:29] - Creata la socket e salvata nella variabile di istanza sock: Socket[addr=/127.0.0.1,port=59993,localport=30500]
2020-04-24 13:51:44 DEBUG [it.aaperio.ticketserver.ClientConnection:50] - Creo i buffer di scrittura su socket
2020-04-24 13:51:44 DEBUG [it.aaperio.ticketserver.ClientConnection:59] - creo il buffer di ricezione sul socket
2020-04-24 13:51:44 ERROR [it.aaperio.ticketserver.ClientConnection:62] - Errore inizializzazione Stream Reader
java.net.SocketException: Connection reset
	at java.net.SocketInputStream.read(SocketInputStream.java:210)
	at java.net.SocketInputStream.read(SocketInputStream.java:141)
	at java.io.BufferedInputStream.fill(BufferedInputStream.java:246)
	at java.io.BufferedInputStream.read1(BufferedInputStream.java:286)
	at java.io.BufferedInputStream.read(BufferedInputStream.java:345)
	at java.io.ObjectInputStream$PeekInputStream.read(ObjectInputStream.java:2717)
	at java.io.ObjectInputStream$PeekInputStream.readFully(ObjectInputStream.java:2733)
	at java.io.ObjectInputStream$BlockDataInputStream.readShort(ObjectInputStream.java:3210)
	at java.io.ObjectInputStream.readStreamHeader(ObjectInputStream.java:895)
	at java.io.ObjectInputStream.<init>(ObjectInputStream.java:357)
	at it.aaperio.ticketserver.ClientConnection.run(ClientConnection.java:60)
2020-04-24 14:03:42 INFO [it.aaperio.ticketserver.Configuration:78] - TicketServer attivo
2020-04-24 14:03:42 DEBUG [it.aaperio.ticketserver.Configuration:111] - Definisco lo Stream in input per leggere il file di configurazione
2020-04-24 14:03:42 DEBUG [it.aaperio.ticketserver.Configuration:113] - Inizializzato il FileInputStream in: java.io.FileInputStream@7b23ec81
2020-04-24 14:03:42 DEBUG [it.aaperio.ticketserver.Configuration:120] - Caricati i parametri di configurazione: {DB_PORT=3128, DB_HOST=localhost, PORTA=30500}
2020-04-24 14:03:42 DEBUG [it.aaperio.ticketserver.Configuration:125] - Chiudo lo stream per la lettura del file di configurazione
2020-04-24 14:03:42 DEBUG [it.aaperio.ticketserver.Configuration:147] - Imposto la porta: 30500
2020-04-24 14:03:42 DEBUG [it.aaperio.ticketserver.Configuration:157] - Imposto il DB_HOST: localhost
2020-04-24 14:03:42 DEBUG [it.aaperio.ticketserver.Configuration:167] - Imposto il DB_PORT: 3128
2020-04-24 14:03:42 DEBUG [it.aaperio.ticketserver.Configuration:142] - Ritorno la porta: 30500
2020-04-24 14:03:42 INFO [it.aaperio.ticketserver.Ticketserver:21] - Preparo la ricezione di connessioni dai client su porta TCP: 30500
2020-04-24 14:03:42 DEBUG [it.aaperio.ticketserver.Configuration:142] - Ritorno la porta: 30500
2020-04-24 14:03:42 DEBUG [it.aaperio.ticketserver.Ticketserver:27] - Instanzio la classe Model per la gestione dei dati
2020-04-24 14:03:42 INFO [it.aaperio.ticketserver.model.Model:24] - Inizializzazione del Model
2020-04-24 14:03:42 DEBUG [it.aaperio.ticketserver.Configuration:142] - Ritorno la porta: 30500
2020-04-24 14:03:42 INFO [it.aaperio.ticketserver.Ticketserver:31] - Mi metto in ascolto per accettare nuove connessioni sulla porta 30500
2020-04-24 14:04:04 INFO [it.aaperio.ticketserver.Ticketserver:40] - Connessione accettata da: /127.0.0.1
2020-04-24 14:04:04 INFO [it.aaperio.ticketserver.ClientConnection:26] - Creo la socket id: Socket[addr=/127.0.0.1,port=60089,localport=30500]
2020-04-24 14:04:04 DEBUG [it.aaperio.ticketserver.ClientConnection:29] - Creata la socket e salvata nella variabile di istanza sock: Socket[addr=/127.0.0.1,port=60089,localport=30500]
2020-04-24 14:04:04 DEBUG [it.aaperio.ticketserver.ClientConnection:50] - Creo i buffer di scrittura su socket
2020-04-24 14:04:04 DEBUG [it.aaperio.ticketserver.ClientConnection:59] - creo il buffer di ricezione sul socket
2020-04-24 14:04:04 ERROR [it.aaperio.ticketserver.ClientConnection:62] - Errore inizializzazione Stream Reader
java.net.SocketException: Connection reset
	at java.net.SocketInputStream.read(SocketInputStream.java:210)
	at java.net.SocketInputStream.read(SocketInputStream.java:141)
	at java.io.BufferedInputStream.fill(BufferedInputStream.java:246)
	at java.io.BufferedInputStream.read1(BufferedInputStream.java:286)
	at java.io.BufferedInputStream.read(BufferedInputStream.java:345)
	at java.io.ObjectInputStream$PeekInputStream.read(ObjectInputStream.java:2717)
	at java.io.ObjectInputStream$PeekInputStream.readFully(ObjectInputStream.java:2733)
	at java.io.ObjectInputStream$BlockDataInputStream.readShort(ObjectInputStream.java:3210)
	at java.io.ObjectInputStream.readStreamHeader(ObjectInputStream.java:895)
	at java.io.ObjectInputStream.<init>(ObjectInputStream.java:357)
	at it.aaperio.ticketserver.ClientConnection.run(ClientConnection.java:60)
2020-04-24 14:55:46 INFO [it.aaperio.ticketserver.Configuration:78] - TicketServer attivo
2020-04-24 14:55:46 DEBUG [it.aaperio.ticketserver.Configuration:111] - Definisco lo Stream in input per leggere il file di configurazione
2020-04-24 14:55:46 DEBUG [it.aaperio.ticketserver.Configuration:113] - Inizializzato il FileInputStream in: java.io.FileInputStream@7b23ec81
2020-04-24 14:55:46 DEBUG [it.aaperio.ticketserver.Configuration:120] - Caricati i parametri di configurazione: {DB_PORT=3128, DB_HOST=localhost, PORTA=30500}
2020-04-24 14:55:46 DEBUG [it.aaperio.ticketserver.Configuration:125] - Chiudo lo stream per la lettura del file di configurazione
2020-04-24 14:55:46 DEBUG [it.aaperio.ticketserver.Configuration:147] - Imposto la porta: 30500
2020-04-24 14:55:46 DEBUG [it.aaperio.ticketserver.Configuration:157] - Imposto il DB_HOST: localhost
2020-04-24 14:55:46 DEBUG [it.aaperio.ticketserver.Configuration:167] - Imposto il DB_PORT: 3128
2020-04-24 14:55:46 DEBUG [it.aaperio.ticketserver.Configuration:142] - Ritorno la porta: 30500
2020-04-24 14:55:46 INFO [it.aaperio.ticketserver.Ticketserver:21] - Preparo la ricezione di connessioni dai client su porta TCP: 30500
2020-04-24 14:55:46 DEBUG [it.aaperio.ticketserver.Configuration:142] - Ritorno la porta: 30500
2020-04-24 14:55:46 DEBUG [it.aaperio.ticketserver.Ticketserver:27] - Instanzio la classe Model per la gestione dei dati
2020-04-24 14:55:46 INFO [it.aaperio.ticketserver.model.Model:24] - Inizializzazione del Model
2020-04-24 14:55:46 DEBUG [it.aaperio.ticketserver.Configuration:142] - Ritorno la porta: 30500
2020-04-24 14:55:46 INFO [it.aaperio.ticketserver.Ticketserver:31] - Mi metto in ascolto per accettare nuove connessioni sulla porta 30500
2020-04-24 14:56:13 INFO [it.aaperio.ticketserver.Ticketserver:40] - Connessione accettata da: /127.0.0.1
2020-04-24 14:56:13 INFO [it.aaperio.ticketserver.ClientConnection:27] - Creo la socket id: Socket[addr=/127.0.0.1,port=60465,localport=30500]
2020-04-24 14:56:13 DEBUG [it.aaperio.ticketserver.ClientConnection:30] - Creata la socket e salvata nella variabile di istanza sock: Socket[addr=/127.0.0.1,port=60465,localport=30500]
2020-04-24 14:56:13 DEBUG [it.aaperio.ticketserver.ClientConnection:51] - Creo i buffer di scrittura su socket
2020-04-24 14:56:13 DEBUG [it.aaperio.ticketserver.ClientConnection:61] - creo il buffer di ricezione sul socket
2020-04-24 14:56:13 ERROR [it.aaperio.ticketserver.ClientConnection:80] - Errore in lettura sullo stream
java.net.SocketException: Connection reset
	at java.net.SocketInputStream.read(SocketInputStream.java:210)
	at java.net.SocketInputStream.read(SocketInputStream.java:141)
	at java.io.BufferedInputStream.fill(BufferedInputStream.java:246)
	at java.io.BufferedInputStream.read(BufferedInputStream.java:265)
	at java.io.ObjectInputStream$PeekInputStream.peek(ObjectInputStream.java:2695)
	at java.io.ObjectInputStream$BlockDataInputStream.peek(ObjectInputStream.java:3002)
	at java.io.ObjectInputStream$BlockDataInputStream.peekByte(ObjectInputStream.java:3012)
	at java.io.ObjectInputStream.readObject0(ObjectInputStream.java:1575)
	at java.io.ObjectInputStream.readObject(ObjectInputStream.java:464)
	at java.io.ObjectInputStream.readObject(ObjectInputStream.java:422)
	at it.aaperio.ticketserver.ClientConnection.run(ClientConnection.java:77)
2020-04-24 14:56:13 INFO [it.aaperio.ticketserver.ClientConnection:97] - La connessione è stata terminata, chiudo la socket
2020-04-24 16:09:42 INFO [it.aaperio.ticketserver.Configuration:78] - TicketServer attivo
2020-04-24 16:09:42 DEBUG [it.aaperio.ticketserver.Configuration:111] - Definisco lo Stream in input per leggere il file di configurazione
2020-04-24 16:09:42 DEBUG [it.aaperio.ticketserver.Configuration:113] - Inizializzato il FileInputStream in: java.io.FileInputStream@7b23ec81
2020-04-24 16:09:42 DEBUG [it.aaperio.ticketserver.Configuration:120] - Caricati i parametri di configurazione: {DB_PORT=3128, DB_HOST=localhost, PORTA=30500}
2020-04-24 16:09:42 DEBUG [it.aaperio.ticketserver.Configuration:125] - Chiudo lo stream per la lettura del file di configurazione
2020-04-24 16:09:42 DEBUG [it.aaperio.ticketserver.Configuration:147] - Imposto la porta: 30500
2020-04-24 16:09:42 DEBUG [it.aaperio.ticketserver.Configuration:157] - Imposto il DB_HOST: localhost
2020-04-24 16:09:42 DEBUG [it.aaperio.ticketserver.Configuration:167] - Imposto il DB_PORT: 3128
2020-04-24 16:09:42 DEBUG [it.aaperio.ticketserver.Configuration:142] - Ritorno la porta: 30500
2020-04-24 16:09:42 INFO [it.aaperio.ticketserver.Ticketserver:21] - Preparo la ricezione di connessioni dai client su porta TCP: 30500
2020-04-24 16:09:42 DEBUG [it.aaperio.ticketserver.Configuration:142] - Ritorno la porta: 30500
2020-04-24 16:09:42 DEBUG [it.aaperio.ticketserver.Ticketserver:27] - Instanzio la classe Model per la gestione dei dati
2020-04-24 16:09:42 INFO [it.aaperio.ticketserver.model.Model:24] - Inizializzazione del Model
2020-04-24 16:09:42 DEBUG [it.aaperio.ticketserver.Configuration:142] - Ritorno la porta: 30500
2020-04-24 16:09:42 INFO [it.aaperio.ticketserver.Ticketserver:31] - Mi metto in ascolto per accettare nuove connessioni sulla porta 30500
2020-04-24 16:10:03 INFO [it.aaperio.ticketserver.Ticketserver:40] - Connessione accettata da: /127.0.0.1
2020-04-24 16:10:03 INFO [it.aaperio.ticketserver.ClientConnection:27] - Creo la socket id: Socket[addr=/127.0.0.1,port=61064,localport=30500]
2020-04-24 16:10:03 DEBUG [it.aaperio.ticketserver.ClientConnection:30] - Creata la socket e salvata nella variabile di istanza sock: Socket[addr=/127.0.0.1,port=61064,localport=30500]
2020-04-24 16:10:03 DEBUG [it.aaperio.ticketserver.ClientConnection:51] - Creo i buffer di scrittura su socket
2020-04-24 16:10:03 DEBUG [it.aaperio.ticketserver.ClientConnection:61] - creo il buffer di ricezione sul socket
2020-04-24 16:10:03 INFO [it.aaperio.ticketserver.ClientConnection:70] - La connessione con il client è attiva
2020-04-24 16:11:30 ERROR [it.aaperio.ticketserver.ClientConnection:82] - Errore in lettura sullo stream
java.net.SocketException: Connection reset
	at java.net.SocketInputStream.read(SocketInputStream.java:210)
	at java.net.SocketInputStream.read(SocketInputStream.java:141)
	at java.io.BufferedInputStream.fill(BufferedInputStream.java:246)
	at java.io.BufferedInputStream.read(BufferedInputStream.java:265)
	at java.io.ObjectInputStream$PeekInputStream.peek(ObjectInputStream.java:2695)
	at java.io.ObjectInputStream$BlockDataInputStream.peek(ObjectInputStream.java:3002)
	at java.io.ObjectInputStream$BlockDataInputStream.peekByte(ObjectInputStream.java:3012)
	at java.io.ObjectInputStream.readObject0(ObjectInputStream.java:1575)
	at java.io.ObjectInputStream.readObject(ObjectInputStream.java:464)
	at java.io.ObjectInputStream.readObject(ObjectInputStream.java:422)
	at it.aaperio.ticketserver.ClientConnection.run(ClientConnection.java:79)
2020-04-24 16:11:30 INFO [it.aaperio.ticketserver.ClientConnection:98] - La connessione è stata terminata, chiudo la socket
2020-04-24 16:11:30 INFO [it.aaperio.ticketserver.model.Model:62] - Aggiunto alla coda messaggi il messaggio 
2020-04-24 16:14:36 INFO [it.aaperio.ticketserver.Configuration:78] - TicketServer attivo
2020-04-24 16:14:36 DEBUG [it.aaperio.ticketserver.Configuration:111] - Definisco lo Stream in input per leggere il file di configurazione
2020-04-24 16:14:36 DEBUG [it.aaperio.ticketserver.Configuration:113] - Inizializzato il FileInputStream in: java.io.FileInputStream@7b23ec81
2020-04-24 16:14:36 DEBUG [it.aaperio.ticketserver.Configuration:120] - Caricati i parametri di configurazione: {DB_PORT=3128, DB_HOST=localhost, PORTA=30500}
2020-04-24 16:14:36 DEBUG [it.aaperio.ticketserver.Configuration:125] - Chiudo lo stream per la lettura del file di configurazione
2020-04-24 16:14:36 DEBUG [it.aaperio.ticketserver.Configuration:147] - Imposto la porta: 30500
2020-04-24 16:14:36 DEBUG [it.aaperio.ticketserver.Configuration:157] - Imposto il DB_HOST: localhost
2020-04-24 16:14:36 DEBUG [it.aaperio.ticketserver.Configuration:167] - Imposto il DB_PORT: 3128
2020-04-24 16:14:36 DEBUG [it.aaperio.ticketserver.Configuration:142] - Ritorno la porta: 30500
2020-04-24 16:14:36 INFO [it.aaperio.ticketserver.Ticketserver:21] - Preparo la ricezione di connessioni dai client su porta TCP: 30500
2020-04-24 16:14:36 DEBUG [it.aaperio.ticketserver.Configuration:142] - Ritorno la porta: 30500
2020-04-24 16:14:36 DEBUG [it.aaperio.ticketserver.Ticketserver:27] - Instanzio la classe Model per la gestione dei dati
2020-04-24 16:14:36 INFO [it.aaperio.ticketserver.model.Model:24] - Inizializzazione del Model
2020-04-24 16:14:36 DEBUG [it.aaperio.ticketserver.Configuration:142] - Ritorno la porta: 30500
2020-04-24 16:14:36 INFO [it.aaperio.ticketserver.Ticketserver:31] - Mi metto in ascolto per accettare nuove connessioni sulla porta 30500
2020-04-24 16:14:46 INFO [it.aaperio.ticketserver.Ticketserver:40] - Connessione accettata da: /127.0.0.1
2020-04-24 16:14:46 INFO [it.aaperio.ticketserver.ClientConnection:27] - Creo la socket id: Socket[addr=/127.0.0.1,port=61089,localport=30500]
2020-04-24 16:14:46 DEBUG [it.aaperio.ticketserver.ClientConnection:30] - Creata la socket e salvata nella variabile di istanza sock: Socket[addr=/127.0.0.1,port=61089,localport=30500]
2020-04-24 16:14:46 DEBUG [it.aaperio.ticketserver.ClientConnection:51] - Creo i buffer di scrittura su socket
2020-04-24 16:14:46 DEBUG [it.aaperio.ticketserver.ClientConnection:61] - creo il buffer di ricezione sul socket
2020-04-24 16:14:46 INFO [it.aaperio.ticketserver.ClientConnection:70] - La connessione con il client è attiva
2020-04-24 16:15:21 ERROR [it.aaperio.ticketserver.ClientConnection:82] - Errore in lettura sullo stream
java.net.SocketException: Connection reset
	at java.net.SocketInputStream.read(SocketInputStream.java:210)
	at java.net.SocketInputStream.read(SocketInputStream.java:141)
	at java.io.BufferedInputStream.fill(BufferedInputStream.java:246)
	at java.io.BufferedInputStream.read(BufferedInputStream.java:265)
	at java.io.ObjectInputStream$PeekInputStream.peek(ObjectInputStream.java:2695)
	at java.io.ObjectInputStream$BlockDataInputStream.peek(ObjectInputStream.java:3002)
	at java.io.ObjectInputStream$BlockDataInputStream.peekByte(ObjectInputStream.java:3012)
	at java.io.ObjectInputStream.readObject0(ObjectInputStream.java:1575)
	at java.io.ObjectInputStream.readObject(ObjectInputStream.java:464)
	at java.io.ObjectInputStream.readObject(ObjectInputStream.java:422)
	at it.aaperio.ticketserver.ClientConnection.run(ClientConnection.java:79)
2020-04-24 16:15:21 INFO [it.aaperio.ticketserver.ClientConnection:98] - La connessione è stata terminata, chiudo la socket
2020-04-24 16:15:21 INFO [it.aaperio.ticketserver.model.Model:62] - Aggiunto alla coda messaggi il messaggio 
2020-04-24 16:18:38 INFO [it.aaperio.ticketserver.Configuration:78] - TicketServer attivo
2020-04-24 16:18:38 DEBUG [it.aaperio.ticketserver.Configuration:111] - Definisco lo Stream in input per leggere il file di configurazione
2020-04-24 16:18:38 DEBUG [it.aaperio.ticketserver.Configuration:113] - Inizializzato il FileInputStream in: java.io.FileInputStream@7b23ec81
2020-04-24 16:18:38 DEBUG [it.aaperio.ticketserver.Configuration:120] - Caricati i parametri di configurazione: {DB_PORT=3128, DB_HOST=localhost, PORTA=30500}
2020-04-24 16:18:38 DEBUG [it.aaperio.ticketserver.Configuration:125] - Chiudo lo stream per la lettura del file di configurazione
2020-04-24 16:18:38 DEBUG [it.aaperio.ticketserver.Configuration:147] - Imposto la porta: 30500
2020-04-24 16:18:38 DEBUG [it.aaperio.ticketserver.Configuration:157] - Imposto il DB_HOST: localhost
2020-04-24 16:18:38 DEBUG [it.aaperio.ticketserver.Configuration:167] - Imposto il DB_PORT: 3128
2020-04-24 16:18:38 DEBUG [it.aaperio.ticketserver.Configuration:142] - Ritorno la porta: 30500
2020-04-24 16:18:38 INFO [it.aaperio.ticketserver.Ticketserver:21] - Preparo la ricezione di connessioni dai client su porta TCP: 30500
2020-04-24 16:18:38 DEBUG [it.aaperio.ticketserver.Configuration:142] - Ritorno la porta: 30500
2020-04-24 16:18:38 DEBUG [it.aaperio.ticketserver.Ticketserver:27] - Instanzio la classe Model per la gestione dei dati
2020-04-24 16:18:38 INFO [it.aaperio.ticketserver.model.Model:24] - Inizializzazione del Model
2020-04-24 16:18:38 DEBUG [it.aaperio.ticketserver.Configuration:142] - Ritorno la porta: 30500
2020-04-24 16:18:38 INFO [it.aaperio.ticketserver.Ticketserver:31] - Mi metto in ascolto per accettare nuove connessioni sulla porta 30500
2020-04-24 16:18:44 INFO [it.aaperio.ticketserver.Ticketserver:40] - Connessione accettata da: /127.0.0.1
2020-04-24 16:18:44 INFO [it.aaperio.ticketserver.ClientConnection:27] - Creo la socket id: Socket[addr=/127.0.0.1,port=61141,localport=30500]
2020-04-24 16:18:44 DEBUG [it.aaperio.ticketserver.ClientConnection:30] - Creata la socket e salvata nella variabile di istanza sock: Socket[addr=/127.0.0.1,port=61141,localport=30500]
2020-04-24 16:18:44 DEBUG [it.aaperio.ticketserver.ClientConnection:51] - Creo i buffer di scrittura su socket
2020-04-24 16:18:44 DEBUG [it.aaperio.ticketserver.ClientConnection:61] - creo il buffer di ricezione sul socket
2020-04-24 16:18:44 INFO [it.aaperio.ticketserver.ClientConnection:70] - La connessione con il client è attiva
2020-04-24 16:41:55 ERROR [it.aaperio.ticketserver.ClientConnection:82] - Errore in lettura sullo stream
java.net.SocketException: Connection reset
	at java.net.SocketInputStream.read(SocketInputStream.java:210)
	at java.net.SocketInputStream.read(SocketInputStream.java:141)
	at java.io.BufferedInputStream.fill(BufferedInputStream.java:246)
	at java.io.BufferedInputStream.read(BufferedInputStream.java:265)
	at java.io.ObjectInputStream$PeekInputStream.peek(ObjectInputStream.java:2695)
	at java.io.ObjectInputStream$BlockDataInputStream.peek(ObjectInputStream.java:3002)
	at java.io.ObjectInputStream$BlockDataInputStream.peekByte(ObjectInputStream.java:3012)
	at java.io.ObjectInputStream.readObject0(ObjectInputStream.java:1575)
	at java.io.ObjectInputStream.readObject(ObjectInputStream.java:464)
	at java.io.ObjectInputStream.readObject(ObjectInputStream.java:422)
	at it.aaperio.ticketserver.ClientConnection.run(ClientConnection.java:79)
2020-04-24 16:41:55 INFO [it.aaperio.ticketserver.ClientConnection:99] - La connessione è stata terminata, chiudo la socket
2020-04-24 16:50:55 INFO [it.aaperio.ticketserver.Ticketserver:40] - Connessione accettata da: /127.0.0.1
2020-04-24 16:50:55 INFO [it.aaperio.ticketserver.ClientConnection:27] - Creo la socket id: Socket[addr=/127.0.0.1,port=61705,localport=30500]
2020-04-24 16:50:55 DEBUG [it.aaperio.ticketserver.ClientConnection:30] - Creata la socket e salvata nella variabile di istanza sock: Socket[addr=/127.0.0.1,port=61705,localport=30500]
2020-04-24 16:50:55 DEBUG [it.aaperio.ticketserver.ClientConnection:51] - Creo i buffer di scrittura su socket
2020-04-24 16:50:55 DEBUG [it.aaperio.ticketserver.ClientConnection:61] - creo il buffer di ricezione sul socket
2020-04-24 16:50:55 INFO [it.aaperio.ticketserver.ClientConnection:70] - La connessione con il client è attiva
2020-04-24 16:50:55 ERROR [it.aaperio.ticketserver.ClientConnection:82] - Errore in lettura sullo stream
java.io.OptionalDataException
	at java.io.ObjectInputStream.readObject0(ObjectInputStream.java:1639)
	at java.io.ObjectInputStream.readObject(ObjectInputStream.java:464)
	at java.io.ObjectInputStream.readObject(ObjectInputStream.java:422)
	at it.aaperio.ticketserver.ClientConnection.run(ClientConnection.java:79)
2020-04-24 16:50:55 INFO [it.aaperio.ticketserver.ClientConnection:99] - La connessione è stata terminata, chiudo la socket
2020-04-24 17:29:58 INFO [it.aaperio.ticketserver.Configuration:78] - TicketServer attivo
2020-04-24 17:29:58 DEBUG [it.aaperio.ticketserver.Configuration:111] - Definisco lo Stream in input per leggere il file di configurazione
2020-04-24 17:29:58 DEBUG [it.aaperio.ticketserver.Configuration:113] - Inizializzato il FileInputStream in: java.io.FileInputStream@7b23ec81
2020-04-24 17:29:58 DEBUG [it.aaperio.ticketserver.Configuration:120] - Caricati i parametri di configurazione: {DB_PORT=3128, DB_HOST=localhost, PORTA=30500}
2020-04-24 17:29:58 DEBUG [it.aaperio.ticketserver.Configuration:125] - Chiudo lo stream per la lettura del file di configurazione
2020-04-24 17:29:58 DEBUG [it.aaperio.ticketserver.Configuration:147] - Imposto la porta: 30500
2020-04-24 17:29:58 DEBUG [it.aaperio.ticketserver.Configuration:157] - Imposto il DB_HOST: localhost
2020-04-24 17:29:58 DEBUG [it.aaperio.ticketserver.Configuration:167] - Imposto il DB_PORT: 3128
2020-04-24 17:29:58 DEBUG [it.aaperio.ticketserver.Configuration:142] - Ritorno la porta: 30500
2020-04-24 17:29:58 INFO [it.aaperio.ticketserver.Ticketserver:21] - Preparo la ricezione di connessioni dai client su porta TCP: 30500
2020-04-24 17:29:58 DEBUG [it.aaperio.ticketserver.Configuration:142] - Ritorno la porta: 30500
2020-04-24 17:29:58 DEBUG [it.aaperio.ticketserver.Ticketserver:27] - Instanzio la classe Model per la gestione dei dati
2020-04-24 17:29:58 INFO [it.aaperio.ticketserver.model.Model:24] - Inizializzazione del Model
2020-04-24 17:29:58 DEBUG [it.aaperio.ticketserver.Configuration:142] - Ritorno la porta: 30500
2020-04-24 17:29:58 INFO [it.aaperio.ticketserver.Ticketserver:31] - Mi metto in ascolto per accettare nuove connessioni sulla porta 30500
2020-04-24 17:30:08 INFO [it.aaperio.ticketserver.Ticketserver:40] - Connessione accettata da: /127.0.0.1
2020-04-24 17:30:08 INFO [it.aaperio.ticketserver.ClientConnection:27] - Creo la socket id: Socket[addr=/127.0.0.1,port=61875,localport=30500]
2020-04-24 17:30:08 DEBUG [it.aaperio.ticketserver.ClientConnection:30] - Creata la socket e salvata nella variabile di istanza sock: Socket[addr=/127.0.0.1,port=61875,localport=30500]
2020-04-24 17:30:08 DEBUG [it.aaperio.ticketserver.ClientConnection:51] - Creo i buffer di scrittura su socket
2020-04-24 17:30:08 DEBUG [it.aaperio.ticketserver.ClientConnection:61] - creo il buffer di ricezione sul socket
2020-04-24 17:30:08 INFO [it.aaperio.ticketserver.ClientConnection:70] - La connessione con il client è attiva
2020-04-24 17:35:35 ERROR [it.aaperio.ticketserver.ClientConnection:82] - Errore in lettura sullo stream
java.net.SocketException: Connection reset
	at java.net.SocketInputStream.read(SocketInputStream.java:210)
	at java.net.SocketInputStream.read(SocketInputStream.java:141)
	at java.io.BufferedInputStream.fill(BufferedInputStream.java:246)
	at java.io.BufferedInputStream.read(BufferedInputStream.java:265)
	at java.io.ObjectInputStream$PeekInputStream.peek(ObjectInputStream.java:2695)
	at java.io.ObjectInputStream$BlockDataInputStream.peek(ObjectInputStream.java:3002)
	at java.io.ObjectInputStream$BlockDataInputStream.peekByte(ObjectInputStream.java:3012)
	at java.io.ObjectInputStream.readObject0(ObjectInputStream.java:1575)
	at java.io.ObjectInputStream.readObject(ObjectInputStream.java:464)
	at java.io.ObjectInputStream.readObject(ObjectInputStream.java:422)
	at it.aaperio.ticketserver.ClientConnection.run(ClientConnection.java:79)
2020-04-24 17:35:35 INFO [it.aaperio.ticketserver.ClientConnection:99] - La connessione è stata terminata, chiudo la socket
2020-04-24 17:36:52 INFO [it.aaperio.ticketserver.Configuration:78] - TicketServer attivo
2020-04-24 17:36:52 DEBUG [it.aaperio.ticketserver.Configuration:111] - Definisco lo Stream in input per leggere il file di configurazione
2020-04-24 17:36:52 DEBUG [it.aaperio.ticketserver.Configuration:113] - Inizializzato il FileInputStream in: java.io.FileInputStream@7b23ec81
2020-04-24 17:36:52 DEBUG [it.aaperio.ticketserver.Configuration:120] - Caricati i parametri di configurazione: {DB_PORT=3128, DB_HOST=localhost, PORTA=30500}
2020-04-24 17:36:52 DEBUG [it.aaperio.ticketserver.Configuration:125] - Chiudo lo stream per la lettura del file di configurazione
2020-04-24 17:36:52 DEBUG [it.aaperio.ticketserver.Configuration:147] - Imposto la porta: 30500
2020-04-24 17:36:52 DEBUG [it.aaperio.ticketserver.Configuration:157] - Imposto il DB_HOST: localhost
2020-04-24 17:36:52 DEBUG [it.aaperio.ticketserver.Configuration:167] - Imposto il DB_PORT: 3128
2020-04-24 17:36:52 DEBUG [it.aaperio.ticketserver.Configuration:142] - Ritorno la porta: 30500
2020-04-24 17:36:52 INFO [it.aaperio.ticketserver.Ticketserver:21] - Preparo la ricezione di connessioni dai client su porta TCP: 30500
2020-04-24 17:36:52 DEBUG [it.aaperio.ticketserver.Configuration:142] - Ritorno la porta: 30500
2020-04-24 17:36:52 DEBUG [it.aaperio.ticketserver.Ticketserver:27] - Instanzio la classe Model per la gestione dei dati
2020-04-24 17:36:52 INFO [it.aaperio.ticketserver.model.Model:24] - Inizializzazione del Model
2020-04-24 17:36:52 DEBUG [it.aaperio.ticketserver.Configuration:142] - Ritorno la porta: 30500
2020-04-24 17:36:52 INFO [it.aaperio.ticketserver.Ticketserver:31] - Mi metto in ascolto per accettare nuove connessioni sulla porta 30500
2020-04-24 17:37:07 INFO [it.aaperio.ticketserver.Ticketserver:40] - Connessione accettata da: /127.0.0.1
2020-04-24 17:37:07 INFO [it.aaperio.ticketserver.ClientConnection:27] - Creo la socket id: Socket[addr=/127.0.0.1,port=61896,localport=30500]
2020-04-24 17:37:07 DEBUG [it.aaperio.ticketserver.ClientConnection:30] - Creata la socket e salvata nella variabile di istanza sock: Socket[addr=/127.0.0.1,port=61896,localport=30500]
2020-04-24 17:37:07 DEBUG [it.aaperio.ticketserver.ClientConnection:51] - Creo i buffer di scrittura su socket
2020-04-24 17:37:07 DEBUG [it.aaperio.ticketserver.ClientConnection:61] - creo il buffer di ricezione sul socket
2020-04-24 17:37:08 INFO [it.aaperio.ticketserver.ClientConnection:70] - La connessione con il client è attiva
2020-04-24 17:37:27 ERROR [it.aaperio.ticketserver.ClientConnection:82] - Errore in lettura sullo stream
java.net.SocketException: Connection reset
	at java.net.SocketInputStream.read(SocketInputStream.java:210)
	at java.net.SocketInputStream.read(SocketInputStream.java:141)
	at java.net.SocketInputStream.read(SocketInputStream.java:224)
	at java.io.ObjectInputStream$PeekInputStream.peek(ObjectInputStream.java:2695)
	at java.io.ObjectInputStream$BlockDataInputStream.peek(ObjectInputStream.java:3002)
	at java.io.ObjectInputStream$BlockDataInputStream.peekByte(ObjectInputStream.java:3012)
	at java.io.ObjectInputStream.readObject0(ObjectInputStream.java:1575)
	at java.io.ObjectInputStream.readObject(ObjectInputStream.java:464)
	at java.io.ObjectInputStream.readObject(ObjectInputStream.java:422)
	at it.aaperio.ticketserver.ClientConnection.run(ClientConnection.java:79)
2020-04-24 17:37:27 INFO [it.aaperio.ticketserver.ClientConnection:99] - La connessione è stata terminata, chiudo la socket
